-------------------------------------------------------------------------------
Test set: com.example.demo.ProyectoApplicationTests
-------------------------------------------------------------------------------
Tests run: 1, Failures: 0, Errors: 1, Skipped: 0, Time elapsed: 0.482 s <<< FAILURE! - in com.example.demo.ProyectoApplicationTests
com.example.demo.ProyectoApplicationTests  Time elapsed: 0.478 s  <<< ERROR!
java.lang.IllegalStateException: Unable to find a @SpringBootConfiguration, you need to use @ContextConfiguration or @SpringBootTest(classes=...) with your test

